d:\cocos\breakbrick\proj.win32\debug.win32\breakbrick.lib
d:\cocos\breakbrick\proj.win32\debug.win32\breakbrick.exp
d:\cocos\breakbrick\proj.win32\breakbrick.cab
d:\cocos\breakbrick\proj.win32\debug.win32\ball.obj
d:\cocos\breakbrick\proj.win32\debug.win32\menuscene.obj
d:\cocos\breakbrick\proj.win32\debug.win32\secondpart.obj
d:\cocos\breakbrick\proj.win32\debug.win32\appdelegate.obj
d:\cocos\breakbrick\proj.win32\debug.win32\helloworldscene.obj
d:\cocos\breakbrick\proj.win32\debug.win32\pixelcollision.obj
d:\cocos\breakbrick\proj.win32\debug.win32\firstpart.obj
d:\cocos\breakbrick\proj.win32\debug.win32\paddle.obj
d:\cocos\breakbrick\proj.win32\debug.win32\brick.obj
d:\cocos\breakbrick\proj.win32\debug.win32\moveballs.obj
d:\cocos\breakbrick\proj.win32\debug.win32\main.obj
d:\cocos\breakbrick\proj.win32\debug.win32\vc140.pdb
d:\cocos\breakbrick\proj.win32\debug.win32\vc140.idb
d:\cocos\breakbrick\proj.win32\debug.win32\breakbrick.ilk
d:\cocos\breakbrick\proj.win32\debug.win32\breakbrick.exe
d:\cocos\breakbrick\proj.win32\debug.win32\breakbrick.pdb
d:\cocos\breakbrick\proj.win32\debug.win32\game.res
d:\cocos\breakbrick\proj.win32\debug.win32\breakbrick.tlog\breakbrick.write.1u.tlog
d:\cocos\breakbrick\proj.win32\debug.win32\breakbrick.tlog\cl.command.1.tlog
d:\cocos\breakbrick\proj.win32\debug.win32\breakbrick.tlog\cl.read.1.tlog
d:\cocos\breakbrick\proj.win32\debug.win32\breakbrick.tlog\cl.write.1.tlog
d:\cocos\breakbrick\proj.win32\debug.win32\breakbrick.tlog\link.command.1.tlog
d:\cocos\breakbrick\proj.win32\debug.win32\breakbrick.tlog\link.read.1.tlog
d:\cocos\breakbrick\proj.win32\debug.win32\breakbrick.tlog\link.write.1.tlog
d:\cocos\breakbrick\proj.win32\debug.win32\breakbrick.tlog\rc.command.1.tlog
d:\cocos\breakbrick\proj.win32\debug.win32\breakbrick.tlog\rc.read.1.tlog
d:\cocos\breakbrick\proj.win32\debug.win32\breakbrick.tlog\rc.write.1.tlog
